2019-01-25 15:59:28 INFO  RetryExec:96 - I/O exception (org.apache.http.NoHttpResponseException) caught when processing request to {}->http://news.youth.cn:80: The target server failed to respond
2019-01-25 15:59:28 INFO  RetryExec:112 - Retrying request to {}->http://news.youth.cn:80
2019-01-26 20:15:26 WARN  ResponseProcessCookies:129 - Invalid cookie header: "Set-Cookie: sso=r=113457449&sid=&wsid=04830A01BFF0667484E0022CE8EE725E;Path=/;Domain=tianya.cn;HttpOnly;Max-Age=2592000;Expires=Mon Feb 25 20:15:52 CST 2019". Invalid 'expires' attribute: Mon Feb 25 20:15:52 CST 2019
2019-01-26 20:20:12 WARN  ResponseProcessCookies:129 - Invalid cookie header: "Set-Cookie: sso=r=1609986319&sid=&wsid=5A49E0D671888130081A987C325AC090;Path=/;Domain=tianya.cn;HttpOnly;Max-Age=2592000;Expires=Mon Feb 25 20:20:38 CST 2019". Invalid 'expires' attribute: Mon Feb 25 20:20:38 CST 2019
2019-01-26 20:28:00 WARN  ResponseProcessCookies:129 - Invalid cookie header: "Set-Cookie: sso=r=503222176&sid=&wsid=E5D917DAC9D6D691C13E72A13679E76E;Path=/;Domain=tianya.cn;HttpOnly;Max-Age=2592000;Expires=Mon Feb 25 20:28:26 CST 2019". Invalid 'expires' attribute: Mon Feb 25 20:28:26 CST 2019
2019-01-26 20:28:00 WARN  ResponseProcessCookies:122 - Cookie rejected [user="w=Air%u005fhacker&id=138716530&f=1", version:0, domain:tianya.cn, path:/, expiry:Mon Feb 25 20:28:26 CST 2019] Illegal 'domain' attribute "tianya.cn". Domain of origin: "passport.tianyaclub.com"
2019-01-26 20:28:00 WARN  ResponseProcessCookies:122 - Cookie rejected [temp="k=328794998&s=&t=1548505705&b=d8d98d35ad344156cc35a914791c1682&ct=1548505705&et=1551097705", version:0, domain:tianya.cn, path:/, expiry:Mon Feb 25 20:28:26 CST 2019] Illegal 'domain' attribute "tianya.cn". Domain of origin: "passport.tianyaclub.com"
2019-01-26 20:28:00 WARN  ResponseProcessCookies:122 - Cookie rejected [right="web4=n&portal=n", version:0, domain:tianya.cn, path:/, expiry:Mon Feb 25 20:28:26 CST 2019] Illegal 'domain' attribute "tianya.cn". Domain of origin: "passport.tianyaclub.com"
2019-01-26 20:28:00 WARN  ResponseProcessCookies:122 - Cookie rejected [temp4="rm=a963a89d5065abeae67583278cc9e694", version:0, domain:tianya.cn, path:/, expiry:Mon Feb 25 20:28:26 CST 2019] Illegal 'domain' attribute "tianya.cn". Domain of origin: "passport.tianyaclub.com"
2019-01-26 20:28:00 WARN  ResponseProcessCookies:122 - Cookie rejected [u_tip="138716530=0", version:0, domain:tianya.cn, path:/, expiry:null] Illegal 'domain' attribute "tianya.cn". Domain of origin: "passport.tianyaclub.com"
2019-01-26 20:35:18 WARN  ResponseProcessCookies:129 - Invalid cookie header: "Set-Cookie: sso=r=1554225238&sid=&wsid=F79B0A7E8C0529F980CD576DC6600FDE;Path=/;Domain=tianya.cn;HttpOnly;Max-Age=2592000;Expires=Mon Feb 25 20:35:44 CST 2019". Invalid 'expires' attribute: Mon Feb 25 20:35:44 CST 2019
2019-01-26 20:35:18 WARN  ResponseProcessCookies:122 - Cookie rejected [user="w=Air%u005fhacker&id=138716530&f=1", version:0, domain:tianya.cn, path:/, expiry:Mon Feb 25 20:35:44 CST 2019] Illegal 'domain' attribute "tianya.cn". Domain of origin: "passport.tianyaclub.com"
2019-01-26 20:35:18 WARN  ResponseProcessCookies:122 - Cookie rejected [temp="k=129199884&s=&t=1548506142&b=46b5ddcbee7c2bd84fd48441b4904e7d&ct=1548506142&et=1551098142", version:0, domain:tianya.cn, path:/, expiry:Mon Feb 25 20:35:44 CST 2019] Illegal 'domain' attribute "tianya.cn". Domain of origin: "passport.tianyaclub.com"
2019-01-26 20:35:18 WARN  ResponseProcessCookies:122 - Cookie rejected [right="web4=n&portal=n", version:0, domain:tianya.cn, path:/, expiry:Mon Feb 25 20:35:44 CST 2019] Illegal 'domain' attribute "tianya.cn". Domain of origin: "passport.tianyaclub.com"
2019-01-26 20:35:18 WARN  ResponseProcessCookies:122 - Cookie rejected [temp4="rm=05e6b0ce7fd95b85bcb5be338bd2145b", version:0, domain:tianya.cn, path:/, expiry:Mon Feb 25 20:35:44 CST 2019] Illegal 'domain' attribute "tianya.cn". Domain of origin: "passport.tianyaclub.com"
2019-01-26 20:35:18 WARN  ResponseProcessCookies:122 - Cookie rejected [u_tip="138716530=0", version:0, domain:tianya.cn, path:/, expiry:null] Illegal 'domain' attribute "tianya.cn". Domain of origin: "passport.tianyaclub.com"
2019-01-26 20:40:13 WARN  ResponseProcessCookies:129 - Invalid cookie header: "Set-Cookie: sso=r=120109275&sid=&wsid=2F27ED45F017E59112B21961EFCEC18C;Path=/;Domain=tianya.cn;HttpOnly;Max-Age=2592000;Expires=Mon Feb 25 20:40:39 CST 2019". Invalid 'expires' attribute: Mon Feb 25 20:40:39 CST 2019
2019-01-26 20:40:13 WARN  ResponseProcessCookies:122 - Cookie rejected [user="w=Air%u005fhacker&id=138716530&f=1", version:0, domain:tianya.cn, path:/, expiry:Mon Feb 25 20:40:39 CST 2019] Illegal 'domain' attribute "tianya.cn". Domain of origin: "passport.tianyaclub.com"
2019-01-26 20:40:13 WARN  ResponseProcessCookies:122 - Cookie rejected [temp="k=601084852&s=&t=1548506438&b=8f2b6463806607b22e67b659062b3ad3&ct=1548506438&et=1551098438", version:0, domain:tianya.cn, path:/, expiry:Mon Feb 25 20:40:39 CST 2019] Illegal 'domain' attribute "tianya.cn". Domain of origin: "passport.tianyaclub.com"
2019-01-26 20:40:13 WARN  ResponseProcessCookies:122 - Cookie rejected [right="web4=n&portal=n", version:0, domain:tianya.cn, path:/, expiry:Mon Feb 25 20:40:39 CST 2019] Illegal 'domain' attribute "tianya.cn". Domain of origin: "passport.tianyaclub.com"
2019-01-26 20:40:13 WARN  ResponseProcessCookies:122 - Cookie rejected [temp4="rm=13d20723d27d0e408a1328ccc013cb38", version:0, domain:tianya.cn, path:/, expiry:Mon Feb 25 20:40:39 CST 2019] Illegal 'domain' attribute "tianya.cn". Domain of origin: "passport.tianyaclub.com"
2019-01-26 20:40:13 WARN  ResponseProcessCookies:122 - Cookie rejected [u_tip="138716530=0", version:0, domain:tianya.cn, path:/, expiry:null] Illegal 'domain' attribute "tianya.cn". Domain of origin: "passport.tianyaclub.com"
2019-01-26 20:41:51 WARN  ResponseProcessCookies:129 - Invalid cookie header: "Set-Cookie: sso=r=2101435802&sid=&wsid=35F3AD61C0A894F8C39EE2CB5A5188C8;Path=/;Domain=tianya.cn;HttpOnly;Max-Age=2592000;Expires=Mon Feb 25 20:42:17 CST 2019". Invalid 'expires' attribute: Mon Feb 25 20:42:17 CST 2019
2019-01-26 20:41:51 WARN  ResponseProcessCookies:122 - Cookie rejected [user="w=Air%u005fhacker&id=138716530&f=1", version:0, domain:tianya.cn, path:/, expiry:Mon Feb 25 20:42:17 CST 2019] Illegal 'domain' attribute "tianya.cn". Domain of origin: "passport.tianyaclub.com"
2019-01-26 20:41:51 WARN  ResponseProcessCookies:122 - Cookie rejected [temp="k=310107414&s=&t=1548506509&b=f19f6ad34a14dbd2727f45cbbbb7659f&ct=1548506509&et=1551098509", version:0, domain:tianya.cn, path:/, expiry:Mon Feb 25 20:42:17 CST 2019] Illegal 'domain' attribute "tianya.cn". Domain of origin: "passport.tianyaclub.com"
2019-01-26 20:41:51 WARN  ResponseProcessCookies:122 - Cookie rejected [right="web4=n&portal=n", version:0, domain:tianya.cn, path:/, expiry:Mon Feb 25 20:42:17 CST 2019] Illegal 'domain' attribute "tianya.cn". Domain of origin: "passport.tianyaclub.com"
2019-01-26 20:41:51 WARN  ResponseProcessCookies:122 - Cookie rejected [temp4="rm=9717236496b526b7be5d946576d31995", version:0, domain:tianya.cn, path:/, expiry:Mon Feb 25 20:42:17 CST 2019] Illegal 'domain' attribute "tianya.cn". Domain of origin: "passport.tianyaclub.com"
2019-01-26 20:41:51 WARN  ResponseProcessCookies:122 - Cookie rejected [u_tip="138716530=0", version:0, domain:tianya.cn, path:/, expiry:null] Illegal 'domain' attribute "tianya.cn". Domain of origin: "passport.tianyaclub.com"
2019-01-27 14:36:29 WARN  ResponseProcessCookies:129 - Invalid cookie header: "Set-Cookie: sso=r=2078971721&sid=&wsid=CC60EC19F3D406559585E60DBFBD7C7E;Path=/;Domain=tianya.cn;HttpOnly;Max-Age=2592000;Expires=Tue Feb 26 14:36:54 CST 2019". Invalid 'expires' attribute: Tue Feb 26 14:36:54 CST 2019
2019-01-27 14:36:29 WARN  ResponseProcessCookies:122 - Cookie rejected [user="w=Air%u005fhacker&id=138716530&f=1", version:0, domain:tianya.cn, path:/, expiry:Tue Feb 26 14:36:54 CST 2019] Illegal 'domain' attribute "tianya.cn". Domain of origin: "passport.tianyaclub.com"
2019-01-27 14:36:29 WARN  ResponseProcessCookies:122 - Cookie rejected [temp="k=665173720&s=&t=1548570986&b=f983147a3841e9f010ab15fc7d32ba1f&ct=1548570986&et=1551162986", version:0, domain:tianya.cn, path:/, expiry:Tue Feb 26 14:36:54 CST 2019] Illegal 'domain' attribute "tianya.cn". Domain of origin: "passport.tianyaclub.com"
2019-01-27 14:36:29 WARN  ResponseProcessCookies:122 - Cookie rejected [right="web4=n&portal=n", version:0, domain:tianya.cn, path:/, expiry:Tue Feb 26 14:36:54 CST 2019] Illegal 'domain' attribute "tianya.cn". Domain of origin: "passport.tianyaclub.com"
2019-01-27 14:36:29 WARN  ResponseProcessCookies:122 - Cookie rejected [temp4="rm=aa76c4a63a3b54dbeb4495d3fa8fa3d3", version:0, domain:tianya.cn, path:/, expiry:Tue Feb 26 14:36:54 CST 2019] Illegal 'domain' attribute "tianya.cn". Domain of origin: "passport.tianyaclub.com"
2019-01-27 14:36:29 WARN  ResponseProcessCookies:122 - Cookie rejected [u_tip="138716530=0", version:0, domain:tianya.cn, path:/, expiry:null] Illegal 'domain' attribute "tianya.cn". Domain of origin: "passport.tianyaclub.com"
